2026-03-01 15:55:45,203 [Worker-4: Loading available Gradle versions] INFO  o.e.b.c.i.u.g.PublishedGradleVersions - Gradle version information cache is not available. Remote download required.
2026-03-01 15:55:47,630 [Worker-6: Repository registry initialization] ERROR o.e.m.c.internal.embedder.MavenImpl - Could not read settingsCacheMap.xml, assuming default values
org.apache.maven.settings.building.SettingsBuildingException: 1 problem was encountered while building the effective settings
[ERROR] 'proxies.proxy.host' for example-proxy is missing @ C:\Users\kk\.m2\settings.xml

	at org.apache.maven.settings.building.DefaultSettingsBuilder.build(DefaultSettingsBuilder.java:115)
	at org.eclipse.m2e.core.internal.embedder.MavenImpl$MavenSettings.getSettings(MavenImpl.java:1131)
	at org.eclipse.m2e.core.internal.embedder.MavenImpl.getSettings(MavenImpl.java:293)
	at org.eclipse.m2e.core.internal.embedder.MavenImpl.getSettings(MavenImpl.java:287)
	at org.eclipse.m2e.core.internal.repository.RepositoryRegistry.updateRegistry(RepositoryRegistry.java:229)
	at org.eclipse.m2e.core.internal.repository.RepositoryRegistryUpdateJob.run(RepositoryRegistryUpdateJob.java:51)
	at org.eclipse.core.internal.jobs.Worker.run(Worker.java:63)
2026-03-01 16:00:15,128 [Worker-1: Loading available Gradle versions] INFO  o.e.b.c.i.u.g.PublishedGradleVersions - Gradle version information cache is up-to-date. Trying to read.
2026-03-01 16:00:16,807 [Worker-4: Repository registry initialization] ERROR o.e.m.c.internal.embedder.MavenImpl - Could not read settingsCacheMap.xml, assuming default values
org.apache.maven.settings.building.SettingsBuildingException: 1 problem was encountered while building the effective settings
[ERROR] 'proxies.proxy.host' for example-proxy is missing @ C:\Users\kk\.m2\settings.xml

	at org.apache.maven.settings.building.DefaultSettingsBuilder.build(DefaultSettingsBuilder.java:115)
	at org.eclipse.m2e.core.internal.embedder.MavenImpl$MavenSettings.getSettings(MavenImpl.java:1131)
	at org.eclipse.m2e.core.internal.embedder.MavenImpl.getSettings(MavenImpl.java:293)
	at org.eclipse.m2e.core.internal.embedder.MavenImpl.getSettings(MavenImpl.java:287)
	at org.eclipse.m2e.core.internal.repository.RepositoryRegistry.updateRegistry(RepositoryRegistry.java:229)
	at org.eclipse.m2e.core.internal.repository.RepositoryRegistryUpdateJob.run(RepositoryRegistryUpdateJob.java:51)
	at org.eclipse.core.internal.jobs.Worker.run(Worker.java:63)
2026-03-01 16:07:35,980 [Worker-6: Loading available Gradle versions] INFO  o.e.b.c.i.u.g.PublishedGradleVersions - Gradle version information cache is up-to-date. Trying to read.
2026-03-01 16:07:37,764 [Worker-8: Repository registry initialization] ERROR o.e.m.c.internal.embedder.MavenImpl - Could not read settingsCacheMap.xml, assuming default values
org.apache.maven.settings.building.SettingsBuildingException: 1 problem was encountered while building the effective settings
[ERROR] 'proxies.proxy.host' for example-proxy is missing @ C:\Users\kk\.m2\settings.xml

	at org.apache.maven.settings.building.DefaultSettingsBuilder.build(DefaultSettingsBuilder.java:115)
	at org.eclipse.m2e.core.internal.embedder.MavenImpl$MavenSettings.getSettings(MavenImpl.java:1131)
	at org.eclipse.m2e.core.internal.embedder.MavenImpl.getSettings(MavenImpl.java:293)
	at org.eclipse.m2e.core.internal.embedder.MavenImpl.getSettings(MavenImpl.java:287)
	at org.eclipse.m2e.core.internal.repository.RepositoryRegistry.updateRegistry(RepositoryRegistry.java:229)
	at org.eclipse.m2e.core.internal.repository.RepositoryRegistryUpdateJob.run(RepositoryRegistryUpdateJob.java:51)
	at org.eclipse.core.internal.jobs.Worker.run(Worker.java:63)
2026-03-01 16:11:14,805 [Worker-5: Loading available Gradle versions] INFO  o.e.b.c.i.u.g.PublishedGradleVersions - Gradle version information cache is up-to-date. Trying to read.
2026-03-01 16:11:16,416 [Worker-8: Repository registry initialization] ERROR o.e.m.c.internal.embedder.MavenImpl - Could not read settingsCacheMap.xml, assuming default values
org.apache.maven.settings.building.SettingsBuildingException: 1 problem was encountered while building the effective settings
[ERROR] 'proxies.proxy.host' for example-proxy is missing @ C:\Users\kk\.m2\settings.xml

	at org.apache.maven.settings.building.DefaultSettingsBuilder.build(DefaultSettingsBuilder.java:115)
	at org.eclipse.m2e.core.internal.embedder.MavenImpl$MavenSettings.getSettings(MavenImpl.java:1131)
	at org.eclipse.m2e.core.internal.embedder.MavenImpl.getSettings(MavenImpl.java:293)
	at org.eclipse.m2e.core.internal.embedder.MavenImpl.getSettings(MavenImpl.java:287)
	at org.eclipse.m2e.core.internal.repository.RepositoryRegistry.updateRegistry(RepositoryRegistry.java:229)
	at org.eclipse.m2e.core.internal.repository.RepositoryRegistryUpdateJob.run(RepositoryRegistryUpdateJob.java:51)
	at org.eclipse.core.internal.jobs.Worker.run(Worker.java:63)
2026-03-01 16:12:14,701 [Worker-4: Loading available Gradle versions] INFO  o.e.b.c.i.u.g.PublishedGradleVersions - Gradle version information cache is up-to-date. Trying to read.
2026-03-01 16:12:16,613 [Worker-7: Repository registry initialization] ERROR o.e.m.c.internal.embedder.MavenImpl - Could not read settingsCacheMap.xml, assuming default values
org.apache.maven.settings.building.SettingsBuildingException: 1 problem was encountered while building the effective settings
[ERROR] 'proxies.proxy.host' for example-proxy is missing @ C:\Users\kk\.m2\settings.xml

	at org.apache.maven.settings.building.DefaultSettingsBuilder.build(DefaultSettingsBuilder.java:115)
	at org.eclipse.m2e.core.internal.embedder.MavenImpl$MavenSettings.getSettings(MavenImpl.java:1131)
	at org.eclipse.m2e.core.internal.embedder.MavenImpl.getSettings(MavenImpl.java:293)
	at org.eclipse.m2e.core.internal.embedder.MavenImpl.getSettings(MavenImpl.java:287)
	at org.eclipse.m2e.core.internal.repository.RepositoryRegistry.updateRegistry(RepositoryRegistry.java:229)
	at org.eclipse.m2e.core.internal.repository.RepositoryRegistryUpdateJob.run(RepositoryRegistryUpdateJob.java:51)
	at org.eclipse.core.internal.jobs.Worker.run(Worker.java:63)
2026-03-01 18:19:50,991 [Worker-5: Loading available Gradle versions] INFO  o.e.b.c.i.u.g.PublishedGradleVersions - Gradle version information cache is up-to-date. Trying to read.
2026-03-01 18:19:54,902 [Worker-2: Repository registry initialization] ERROR o.e.m.c.internal.embedder.MavenImpl - Could not read settingsCacheMap.xml, assuming default values
org.apache.maven.settings.building.SettingsBuildingException: 1 problem was encountered while building the effective settings
[ERROR] 'proxies.proxy.host' for example-proxy is missing @ C:\Users\kk\.m2\settings.xml

	at org.apache.maven.settings.building.DefaultSettingsBuilder.build(DefaultSettingsBuilder.java:115)
	at org.eclipse.m2e.core.internal.embedder.MavenImpl$MavenSettings.getSettings(MavenImpl.java:1131)
	at org.eclipse.m2e.core.internal.embedder.MavenImpl.getSettings(MavenImpl.java:293)
	at org.eclipse.m2e.core.internal.embedder.MavenImpl.getSettings(MavenImpl.java:287)
	at org.eclipse.m2e.core.internal.repository.RepositoryRegistry.updateRegistry(RepositoryRegistry.java:229)
	at org.eclipse.m2e.core.internal.repository.RepositoryRegistryUpdateJob.run(RepositoryRegistryUpdateJob.java:51)
	at org.eclipse.core.internal.jobs.Worker.run(Worker.java:63)
